
  .   ____          _            __ _ _
 /\\ / ___'_ __ _ _(_)_ __  __ _ \ \ \ \
( ( )\___ | '_ | '_| | '_ \/ _` | \ \ \ \
 \\/  ___)| |_)| | | | | || (_| |  ) ) ) )
  '  |____| .__|_| |_|_| |_\__, | / / / /
 =========|_|==============|___/=/_/_/_/
 :: Spring Boot ::                (v3.2.5)

2026-04-28T10:55:52.019+05:30  INFO 29512 --- [           main] com.heritage.HeritageApplication         : Starting HeritageApplication v1.0.0 using Java 17.0.17 with PID 29512 (C:\Users\yasas\Downloads\indian-heritage-backend\target\indian-heritage-backend-1.0.0.jar started by yasas in C:\Users\yasas\Downloads\indian-heritage-backend)
2026-04-28T10:55:52.041+05:30  INFO 29512 --- [           main] com.heritage.HeritageApplication         : No active profile set, falling back to 1 default profile: "default"
2026-04-28T10:55:54.425+05:30  INFO 29512 --- [           main] .s.d.r.c.RepositoryConfigurationDelegate : Bootstrapping Spring Data JPA repositories in DEFAULT mode.
2026-04-28T10:55:54.629+05:30  INFO 29512 --- [           main] .s.d.r.c.RepositoryConfigurationDelegate : Finished Spring Data repository scanning in 167 ms. Found 6 JPA repository interfaces.
2026-04-28T10:55:56.214+05:30  INFO 29512 --- [           main] o.s.b.w.embedded.tomcat.TomcatWebServer  : Tomcat initialized with port 8080 (http)
2026-04-28T10:55:56.242+05:30  INFO 29512 --- [           main] o.apache.catalina.core.StandardService   : Starting service [Tomcat]
2026-04-28T10:55:56.243+05:30  INFO 29512 --- [           main] o.apache.catalina.core.StandardEngine    : Starting Servlet engine: [Apache Tomcat/10.1.20]
2026-04-28T10:55:56.329+05:30  INFO 29512 --- [           main] o.a.c.c.C.[Tomcat].[localhost].[/]       : Initializing Spring embedded WebApplicationContext
2026-04-28T10:55:56.334+05:30  INFO 29512 --- [           main] w.s.c.ServletWebServerApplicationContext : Root WebApplicationContext: initialization completed in 4031 ms
2026-04-28T10:55:56.768+05:30  INFO 29512 --- [           main] o.hibernate.jpa.internal.util.LogHelper  : HHH000204: Processing PersistenceUnitInfo [name: default]
2026-04-28T10:55:56.954+05:30  INFO 29512 --- [           main] org.hibernate.Version                    : HHH000412: Hibernate ORM core version 6.4.4.Final
2026-04-28T10:55:57.041+05:30  INFO 29512 --- [           main] o.h.c.internal.RegionFactoryInitiator    : HHH000026: Second-level cache disabled
2026-04-28T10:55:57.658+05:30  INFO 29512 --- [           main] o.s.o.j.p.SpringPersistenceUnitInfo      : No LoadTimeWeaver setup: ignoring JPA class transformer
2026-04-28T10:55:57.731+05:30  INFO 29512 --- [           main] com.zaxxer.hikari.HikariDataSource       : HikariPool-1 - Starting...
2026-04-28T10:55:58.079+05:30  INFO 29512 --- [           main] com.zaxxer.hikari.pool.HikariPool        : HikariPool-1 - Added connection com.mysql.cj.jdbc.ConnectionImpl@49ced9c7
2026-04-28T10:55:58.095+05:30  INFO 29512 --- [           main] com.zaxxer.hikari.HikariDataSource       : HikariPool-1 - Start completed.
2026-04-28T10:55:58.203+05:30  WARN 29512 --- [           main] org.hibernate.orm.deprecation            : HHH90000025: MySQLDialect does not need to be specified explicitly using 'hibernate.dialect' (remove the property setting and it will be selected by default)
2026-04-28T10:55:59.919+05:30  INFO 29512 --- [           main] o.h.e.t.j.p.i.JtaPlatformInitiator       : HHH000489: No JTA platform available (set 'hibernate.transaction.jta.platform' to enable JTA platform integration)
2026-04-28T10:56:00.188+05:30  INFO 29512 --- [           main] j.LocalContainerEntityManagerFactoryBean : Initialized JPA EntityManagerFactory for persistence unit 'default'
2026-04-28T10:56:01.333+05:30  WARN 29512 --- [           main] JpaBaseConfiguration$JpaWebConfiguration : spring.jpa.open-in-view is enabled by default. Therefore, database queries may be performed during view rendering. Explicitly configure spring.jpa.open-in-view to disable this warning
2026-04-28T10:56:01.382+05:30  WARN 29512 --- [           main] .s.s.UserDetailsServiceAutoConfiguration : 

Using generated security password: 99e332db-59c2-45bf-b3a2-0d13e7675154

This generated password is for development use only. Your security configuration must be updated before running your application in production.

2026-04-28T10:56:02.445+05:30  INFO 29512 --- [           main] o.s.b.w.embedded.tomcat.TomcatWebServer  : Tomcat started on port 8080 (http) with context path ''
2026-04-28T10:56:02.498+05:30  INFO 29512 --- [           main] com.heritage.HeritageApplication         : Started HeritageApplication in 11.699 seconds (process running for 12.902)
2026-04-28T10:56:03.393+05:30  INFO 29512 --- [           main] com.heritage.service.DataSeeder          : Re-hashed password for: admin@heritage.in
2026-04-28T10:56:03.576+05:30  INFO 29512 --- [           main] com.heritage.service.DataSeeder          : Re-hashed password for: test@example.com
2026-04-28T10:56:03.772+05:30  INFO 29512 --- [           main] com.heritage.service.DataSeeder          : Re-hashed password for: creator@example.com
2026-04-28T10:56:03.951+05:30  INFO 29512 --- [           main] com.heritage.service.DataSeeder          : Re-hashed password for: guide@example.com
2026-04-28T10:56:04.165+05:30  INFO 29512 --- [           main] com.heritage.service.DataSeeder          : Re-hashed password for: yashu@gmail.com
2026-04-28T10:56:04.385+05:30  INFO 29512 --- [           main] com.heritage.service.DataSeeder          : Re-hashed password for: sreeja@gmail.com
2026-04-28T10:56:04.602+05:30  INFO 29512 --- [           main] com.heritage.service.DataSeeder          : Re-hashed password for: sahithi@gmail.com
2026-04-28T10:56:04.856+05:30  INFO 29512 --- [           main] com.heritage.service.DataSeeder          : Re-hashed password for: chaitu@gmail.com
2026-04-28T10:56:05.075+05:30  INFO 29512 --- [           main] com.heritage.service.DataSeeder          : Re-hashed password for: dhruthi@gmail.com
2026-04-28T10:56:05.344+05:30  INFO 29512 --- [           main] com.heritage.service.DataSeeder          : Re-hashed password for: priya@gmail.com
